2017-08-30 14:42:40.589 ERROR 3044 --- [main] o.s.b.l.LoggingApplicationListener       : Cannot set level: ALL for 'org.springframework'
2017-08-30 14:42:40.589 ERROR 3044 --- [main] o.s.b.l.LoggingApplicationListener       : Cannot set level: ALL for '*'
2017-08-30 14:42:40.691  INFO 3044 --- [main] com.espark.adarsh.Application            : Starting Application on SHWETAS with PID 3044 (C:\Users\SHWETA\Downloads\spring_boot-master\spring_boot-master\SpringBootExternalLdapExample\target\classes started by SHWETA in C:\Users\SHWETA\Downloads\spring_boot-master\spring_boot-master\SpringBootExternalLdapExample)
2017-08-30 14:42:40.691  INFO 3044 --- [main] com.espark.adarsh.Application            : No active profile set, falling back to default profiles: default
2017-08-30 14:42:41.083  INFO 3044 --- [main] ationConfigEmbeddedWebApplicationContext : Refreshing org.springframework.boot.context.embedded.AnnotationConfigEmbeddedWebApplicationContext@7fad8c79: startup date [Wed Aug 30 14:42:41 IST 2017]; root of context hierarchy
2017-08-30 14:42:41.814  INFO 3044 --- [main] o.s.b.f.s.DefaultListableBeanFactory     : Overriding bean definition for bean 'beanNameViewResolver' with a different definition: replacing [Root bean: class [null]; scope=; abstract=false; lazyInit=false; autowireMode=3; dependencyCheck=0; autowireCandidate=true; primary=false; factoryBeanName=org.springframework.boot.autoconfigure.web.ErrorMvcAutoConfiguration$WhitelabelErrorViewConfiguration; factoryMethodName=beanNameViewResolver; initMethodName=null; destroyMethodName=(inferred); defined in class path resource [org/springframework/boot/autoconfigure/web/ErrorMvcAutoConfiguration$WhitelabelErrorViewConfiguration.class]] with [Root bean: class [null]; scope=; abstract=false; lazyInit=false; autowireMode=3; dependencyCheck=0; autowireCandidate=true; primary=false; factoryBeanName=org.springframework.boot.autoconfigure.web.WebMvcAutoConfiguration$WebMvcAutoConfigurationAdapter; factoryMethodName=beanNameViewResolver; initMethodName=null; destroyMethodName=(inferred); defined in class path resource [org/springframework/boot/autoconfigure/web/WebMvcAutoConfiguration$WebMvcAutoConfigurationAdapter.class]]
2017-08-30 14:42:42.881  INFO 3044 --- [main] s.b.c.e.t.TomcatEmbeddedServletContainer : Tomcat initialized with port(s): 8080 (http)
2017-08-30 14:42:42.901  INFO 3044 --- [main] o.apache.catalina.core.StandardService   : Starting service Tomcat
2017-08-30 14:42:42.901  INFO 3044 --- [main] org.apache.catalina.core.StandardEngine  : Starting Servlet Engine: Apache Tomcat/8.0.32
2017-08-30 14:42:43.021  INFO 3044 --- [localhost-startStop-1] o.a.c.c.C.[Tomcat].[localhost].[/]       : Initializing Spring embedded WebApplicationContext
2017-08-30 14:42:43.021  INFO 3044 --- [localhost-startStop-1] o.s.web.context.ContextLoader            : Root WebApplicationContext: initialization completed in 1938 ms
2017-08-30 14:42:43.415  INFO 3044 --- [localhost-startStop-1] o.s.b.c.embedded.FilterRegistrationBean  : Mapping filter: 'characterEncodingFilter' to: [/*]
2017-08-30 14:42:43.415  INFO 3044 --- [localhost-startStop-1] o.s.b.c.embedded.FilterRegistrationBean  : Mapping filter: 'hiddenHttpMethodFilter' to: [/*]
2017-08-30 14:42:43.415  INFO 3044 --- [localhost-startStop-1] o.s.b.c.embedded.FilterRegistrationBean  : Mapping filter: 'httpPutFormContentFilter' to: [/*]
2017-08-30 14:42:43.415  INFO 3044 --- [localhost-startStop-1] o.s.b.c.embedded.FilterRegistrationBean  : Mapping filter: 'requestContextFilter' to: [/*]
2017-08-30 14:42:43.415  INFO 3044 --- [localhost-startStop-1] .e.DelegatingFilterProxyRegistrationBean : Mapping filter: 'springSecurityFilterChain' to: [/*]
2017-08-30 14:42:43.415  INFO 3044 --- [localhost-startStop-1] o.s.b.c.e.ServletRegistrationBean        : Mapping servlet: 'dispatcherServlet' to [/]
2017-08-30 14:42:44.169  INFO 3044 --- [localhost-startStop-1] s.s.l.DefaultSpringSecurityContextSource :  URL 'ldap://localhost:10389/o=espark', root DN is 'o=espark'
2017-08-30 14:42:44.339  INFO 3044 --- [localhost-startStop-1] o.s.s.web.DefaultSecurityFilterChain     : Creating filter chain: Ant [pattern='/css/**'], []
2017-08-30 14:42:44.339  INFO 3044 --- [localhost-startStop-1] o.s.s.web.DefaultSecurityFilterChain     : Creating filter chain: Ant [pattern='/js/**'], []
2017-08-30 14:42:44.339  INFO 3044 --- [localhost-startStop-1] o.s.s.web.DefaultSecurityFilterChain     : Creating filter chain: Ant [pattern='/font/**'], []
2017-08-30 14:42:44.444  INFO 3044 --- [localhost-startStop-1] o.s.s.web.DefaultSecurityFilterChain     : Creating filter chain: org.springframework.security.web.util.matcher.AnyRequestMatcher@1, [org.springframework.security.web.context.request.async.WebAsyncManagerIntegrationFilter@77eee7b6, org.springframework.security.web.context.SecurityContextPersistenceFilter@236678a9, org.springframework.security.web.header.HeaderWriterFilter@49ef413f, org.springframework.security.web.authentication.logout.LogoutFilter@18658ebd, org.springframework.security.web.authentication.UsernamePasswordAuthenticationFilter@77670966, org.springframework.security.web.savedrequest.RequestCacheAwareFilter@53385ea, org.springframework.security.web.servletapi.SecurityContextHolderAwareRequestFilter@7f62ed1a, org.springframework.security.web.authentication.AnonymousAuthenticationFilter@729018fe, org.springframework.security.web.session.SessionManagementFilter@3f3b2cde, org.springframework.security.web.access.ExceptionTranslationFilter@1b7c8f3e, org.springframework.security.web.access.intercept.FilterSecurityInterceptor@87a77eb]
2017-08-30 14:42:44.743  INFO 3044 --- [main] s.w.s.m.m.a.RequestMappingHandlerAdapter : Looking for @ControllerAdvice: org.springframework.boot.context.embedded.AnnotationConfigEmbeddedWebApplicationContext@7fad8c79: startup date [Wed Aug 30 14:42:41 IST 2017]; root of context hierarchy
2017-08-30 14:42:44.852  INFO 3044 --- [main] s.w.s.m.m.a.RequestMappingHandlerMapping : Mapped "{[/error]}" onto public org.springframework.http.ResponseEntity<java.util.Map<java.lang.String, java.lang.Object>> org.springframework.boot.autoconfigure.web.BasicErrorController.error(javax.servlet.http.HttpServletRequest)
2017-08-30 14:42:44.857  INFO 3044 --- [main] s.w.s.m.m.a.RequestMappingHandlerMapping : Mapped "{[/error],produces=[text/html]}" onto public org.springframework.web.servlet.ModelAndView org.springframework.boot.autoconfigure.web.BasicErrorController.errorHtml(javax.servlet.http.HttpServletRequest,javax.servlet.http.HttpServletResponse)
2017-08-30 14:42:44.879  INFO 3044 --- [main] o.s.w.s.handler.SimpleUrlHandlerMapping  : Root mapping to handler of type [class org.springframework.web.servlet.mvc.ParameterizableViewController]
2017-08-30 14:42:44.880  INFO 3044 --- [main] o.s.w.s.handler.SimpleUrlHandlerMapping  : Mapped URL path [/esparkHome] onto handler of type [class org.springframework.web.servlet.mvc.ParameterizableViewController]
2017-08-30 14:42:44.880  INFO 3044 --- [main] o.s.w.s.handler.SimpleUrlHandlerMapping  : Mapped URL path [/esparkUserPage] onto handler of type [class org.springframework.web.servlet.mvc.ParameterizableViewController]
2017-08-30 14:42:44.880  INFO 3044 --- [main] o.s.w.s.handler.SimpleUrlHandlerMapping  : Mapped URL path [/esparkLoginPage] onto handler of type [class org.springframework.web.servlet.mvc.ParameterizableViewController]
2017-08-30 14:42:44.895  INFO 3044 --- [main] o.s.w.s.handler.SimpleUrlHandlerMapping  : Mapped URL path [/webjars/**] onto handler of type [class org.springframework.web.servlet.resource.ResourceHttpRequestHandler]
2017-08-30 14:42:44.896  INFO 3044 --- [main] o.s.w.s.handler.SimpleUrlHandlerMapping  : Mapped URL path [/**] onto handler of type [class org.springframework.web.servlet.resource.ResourceHttpRequestHandler]
2017-08-30 14:42:44.954  INFO 3044 --- [main] o.s.w.s.handler.SimpleUrlHandlerMapping  : Mapped URL path [/**/favicon.ico] onto handler of type [class org.springframework.web.servlet.resource.ResourceHttpRequestHandler]
2017-08-30 14:42:45.538  INFO 3044 --- [main] o.s.j.e.a.AnnotationMBeanExporter        : Registering beans for JMX exposure on startup
2017-08-30 14:42:45.639  INFO 3044 --- [main] s.b.c.e.t.TomcatEmbeddedServletContainer : Tomcat started on port(s): 8080 (http)
2017-08-30 14:42:45.648  INFO 3044 --- [main] com.espark.adarsh.Application            : Started Application in 5.462 seconds (JVM running for 5.923)
2017-08-30 14:43:04.807  INFO 3044 --- [http-nio-8080-exec-1] o.a.c.c.C.[Tomcat].[localhost].[/]       : Initializing Spring FrameworkServlet 'dispatcherServlet'
2017-08-30 14:43:04.809  INFO 3044 --- [http-nio-8080-exec-1] o.s.web.servlet.DispatcherServlet        : FrameworkServlet 'dispatcherServlet': initialization started
2017-08-30 14:43:04.957  INFO 3044 --- [http-nio-8080-exec-1] o.s.web.servlet.DispatcherServlet        : FrameworkServlet 'dispatcherServlet': initialization completed in 148 ms
2017-08-30 14:45:14.128 ERROR 8196 --- [main] o.s.b.l.LoggingApplicationListener       : Cannot set level: ALL for 'org.springframework'
2017-08-30 14:45:14.128 ERROR 8196 --- [main] o.s.b.l.LoggingApplicationListener       : Cannot set level: ALL for '*'
2017-08-30 14:45:14.208  INFO 8196 --- [main] com.espark.adarsh.Application            : Starting Application on SHWETAS with PID 8196 (C:\Users\SHWETA\Desktop\SpringBootExternalLdapExample\target\classes started by SHWETA in C:\Users\SHWETA\Desktop\SpringBootExternalLdapExample)
2017-08-30 14:45:14.218  INFO 8196 --- [main] com.espark.adarsh.Application            : No active profile set, falling back to default profiles: default
2017-08-30 14:45:14.572  INFO 8196 --- [main] ationConfigEmbeddedWebApplicationContext : Refreshing org.springframework.boot.context.embedded.AnnotationConfigEmbeddedWebApplicationContext@7fad8c79: startup date [Wed Aug 30 14:45:14 IST 2017]; root of context hierarchy
2017-08-30 14:45:15.204  INFO 8196 --- [main] o.s.b.f.s.DefaultListableBeanFactory     : Overriding bean definition for bean 'beanNameViewResolver' with a different definition: replacing [Root bean: class [null]; scope=; abstract=false; lazyInit=false; autowireMode=3; dependencyCheck=0; autowireCandidate=true; primary=false; factoryBeanName=org.springframework.boot.autoconfigure.web.ErrorMvcAutoConfiguration$WhitelabelErrorViewConfiguration; factoryMethodName=beanNameViewResolver; initMethodName=null; destroyMethodName=(inferred); defined in class path resource [org/springframework/boot/autoconfigure/web/ErrorMvcAutoConfiguration$WhitelabelErrorViewConfiguration.class]] with [Root bean: class [null]; scope=; abstract=false; lazyInit=false; autowireMode=3; dependencyCheck=0; autowireCandidate=true; primary=false; factoryBeanName=org.springframework.boot.autoconfigure.web.WebMvcAutoConfiguration$WebMvcAutoConfigurationAdapter; factoryMethodName=beanNameViewResolver; initMethodName=null; destroyMethodName=(inferred); defined in class path resource [org/springframework/boot/autoconfigure/web/WebMvcAutoConfiguration$WebMvcAutoConfigurationAdapter.class]]
2017-08-30 14:45:16.294  INFO 8196 --- [main] s.b.c.e.t.TomcatEmbeddedServletContainer : Tomcat initialized with port(s): 8080 (http)
2017-08-30 14:45:16.304  INFO 8196 --- [main] o.apache.catalina.core.StandardService   : Starting service Tomcat
2017-08-30 14:45:16.304  INFO 8196 --- [main] org.apache.catalina.core.StandardEngine  : Starting Servlet Engine: Apache Tomcat/8.0.32
2017-08-30 14:45:16.444  INFO 8196 --- [localhost-startStop-1] o.a.c.c.C.[Tomcat].[localhost].[/]       : Initializing Spring embedded WebApplicationContext
2017-08-30 14:45:16.444  INFO 8196 --- [localhost-startStop-1] o.s.web.context.ContextLoader            : Root WebApplicationContext: initialization completed in 1872 ms
2017-08-30 14:45:16.816  INFO 8196 --- [localhost-startStop-1] o.s.b.c.embedded.FilterRegistrationBean  : Mapping filter: 'characterEncodingFilter' to: [/*]
2017-08-30 14:45:16.826  INFO 8196 --- [localhost-startStop-1] o.s.b.c.embedded.FilterRegistrationBean  : Mapping filter: 'hiddenHttpMethodFilter' to: [/*]
2017-08-30 14:45:16.826  INFO 8196 --- [localhost-startStop-1] o.s.b.c.embedded.FilterRegistrationBean  : Mapping filter: 'httpPutFormContentFilter' to: [/*]
2017-08-30 14:45:16.826  INFO 8196 --- [localhost-startStop-1] o.s.b.c.embedded.FilterRegistrationBean  : Mapping filter: 'requestContextFilter' to: [/*]
2017-08-30 14:45:16.826  INFO 8196 --- [localhost-startStop-1] .e.DelegatingFilterProxyRegistrationBean : Mapping filter: 'springSecurityFilterChain' to: [/*]
2017-08-30 14:45:16.826  INFO 8196 --- [localhost-startStop-1] o.s.b.c.e.ServletRegistrationBean        : Mapping servlet: 'dispatcherServlet' to [/]
2017-08-30 14:45:17.056  INFO 8196 --- [localhost-startStop-1] s.s.l.DefaultSpringSecurityContextSource :  URL 'ldap://localhost:10389/o=espark', root DN is 'o=espark'
2017-08-30 14:45:17.168  INFO 8196 --- [localhost-startStop-1] o.s.s.web.DefaultSecurityFilterChain     : Creating filter chain: Ant [pattern='/css/**'], []
2017-08-30 14:45:17.178  INFO 8196 --- [localhost-startStop-1] o.s.s.web.DefaultSecurityFilterChain     : Creating filter chain: Ant [pattern='/js/**'], []
2017-08-30 14:45:17.178  INFO 8196 --- [localhost-startStop-1] o.s.s.web.DefaultSecurityFilterChain     : Creating filter chain: Ant [pattern='/font/**'], []
2017-08-30 14:45:17.248  INFO 8196 --- [localhost-startStop-1] o.s.s.web.DefaultSecurityFilterChain     : Creating filter chain: org.springframework.security.web.util.matcher.AnyRequestMatcher@1, [org.springframework.security.web.context.request.async.WebAsyncManagerIntegrationFilter@7cc9708, org.springframework.security.web.context.SecurityContextPersistenceFilter@4d811207, org.springframework.security.web.header.HeaderWriterFilter@7f18d257, org.springframework.security.web.authentication.logout.LogoutFilter@7fec7693, org.springframework.security.web.authentication.UsernamePasswordAuthenticationFilter@7a90125e, org.springframework.security.web.savedrequest.RequestCacheAwareFilter@5eee56fe, org.springframework.security.web.servletapi.SecurityContextHolderAwareRequestFilter@41cf0afd, org.springframework.security.web.authentication.AnonymousAuthenticationFilter@2132ee0, org.springframework.security.web.session.SessionManagementFilter@2b6f8703, org.springframework.security.web.access.ExceptionTranslationFilter@573d7758, org.springframework.security.web.access.intercept.FilterSecurityInterceptor@12d6d5f3]
2017-08-30 14:45:17.462  INFO 8196 --- [main] s.w.s.m.m.a.RequestMappingHandlerAdapter : Looking for @ControllerAdvice: org.springframework.boot.context.embedded.AnnotationConfigEmbeddedWebApplicationContext@7fad8c79: startup date [Wed Aug 30 14:45:14 IST 2017]; root of context hierarchy
2017-08-30 14:45:17.532  INFO 8196 --- [main] s.w.s.m.m.a.RequestMappingHandlerMapping : Mapped "{[/error]}" onto public org.springframework.http.ResponseEntity<java.util.Map<java.lang.String, java.lang.Object>> org.springframework.boot.autoconfigure.web.BasicErrorController.error(javax.servlet.http.HttpServletRequest)
2017-08-30 14:45:17.542  INFO 8196 --- [main] s.w.s.m.m.a.RequestMappingHandlerMapping : Mapped "{[/error],produces=[text/html]}" onto public org.springframework.web.servlet.ModelAndView org.springframework.boot.autoconfigure.web.BasicErrorController.errorHtml(javax.servlet.http.HttpServletRequest,javax.servlet.http.HttpServletResponse)
2017-08-30 14:45:17.552  INFO 8196 --- [main] o.s.w.s.handler.SimpleUrlHandlerMapping  : Root mapping to handler of type [class org.springframework.web.servlet.mvc.ParameterizableViewController]
2017-08-30 14:45:17.552  INFO 8196 --- [main] o.s.w.s.handler.SimpleUrlHandlerMapping  : Mapped URL path [/esparkHome] onto handler of type [class org.springframework.web.servlet.mvc.ParameterizableViewController]
2017-08-30 14:45:17.552  INFO 8196 --- [main] o.s.w.s.handler.SimpleUrlHandlerMapping  : Mapped URL path [/esparkUserPage] onto handler of type [class org.springframework.web.servlet.mvc.ParameterizableViewController]
2017-08-30 14:45:17.552  INFO 8196 --- [main] o.s.w.s.handler.SimpleUrlHandlerMapping  : Mapped URL path [/esparkLoginPage] onto handler of type [class org.springframework.web.servlet.mvc.ParameterizableViewController]
2017-08-30 14:45:17.562  INFO 8196 --- [main] o.s.w.s.handler.SimpleUrlHandlerMapping  : Mapped URL path [/webjars/**] onto handler of type [class org.springframework.web.servlet.resource.ResourceHttpRequestHandler]
2017-08-30 14:45:17.572  INFO 8196 --- [main] o.s.w.s.handler.SimpleUrlHandlerMapping  : Mapped URL path [/**] onto handler of type [class org.springframework.web.servlet.resource.ResourceHttpRequestHandler]
2017-08-30 14:45:17.612  INFO 8196 --- [main] o.s.w.s.handler.SimpleUrlHandlerMapping  : Mapped URL path [/**/favicon.ico] onto handler of type [class org.springframework.web.servlet.resource.ResourceHttpRequestHandler]
2017-08-30 14:45:18.054  INFO 8196 --- [main] o.s.j.e.a.AnnotationMBeanExporter        : Registering beans for JMX exposure on startup
2017-08-30 14:45:18.124  INFO 8196 --- [main] s.b.c.e.t.TomcatEmbeddedServletContainer : Tomcat started on port(s): 8080 (http)
2017-08-30 14:45:18.134  INFO 8196 --- [main] com.espark.adarsh.Application            : Started Application in 4.322 seconds (JVM running for 4.805)
2017-08-30 14:45:30.574  INFO 8196 --- [http-nio-8080-exec-1] o.a.c.c.C.[Tomcat].[localhost].[/]       : Initializing Spring FrameworkServlet 'dispatcherServlet'
2017-08-30 14:45:30.576  INFO 8196 --- [http-nio-8080-exec-1] o.s.web.servlet.DispatcherServlet        : FrameworkServlet 'dispatcherServlet': initialization started
2017-08-30 14:45:30.721  INFO 8196 --- [http-nio-8080-exec-1] o.s.web.servlet.DispatcherServlet        : FrameworkServlet 'dispatcherServlet': initialization completed in 145 ms
2017-08-30 14:46:56.575 ERROR 5264 --- [main] o.s.b.l.LoggingApplicationListener       : Cannot set level: ALL for 'org.springframework'
2017-08-30 14:46:56.585 ERROR 5264 --- [main] o.s.b.l.LoggingApplicationListener       : Cannot set level: ALL for '*'
2017-08-30 14:46:56.645  INFO 5264 --- [main] com.espark.adarsh.Application            : Starting Application on SHWETAS with PID 5264 (C:\Users\SHWETA\Desktop\SpringBootExternalLdapExample\target\classes started by SHWETA in C:\Users\SHWETA\Desktop\SpringBootExternalLdapExample)
2017-08-30 14:46:56.655  INFO 5264 --- [main] com.espark.adarsh.Application            : No active profile set, falling back to default profiles: default
2017-08-30 14:46:57.031  INFO 5264 --- [main] ationConfigEmbeddedWebApplicationContext : Refreshing org.springframework.boot.context.embedded.AnnotationConfigEmbeddedWebApplicationContext@7fad8c79: startup date [Wed Aug 30 14:46:57 IST 2017]; root of context hierarchy
2017-08-30 14:46:57.675  INFO 5264 --- [main] o.s.b.f.s.DefaultListableBeanFactory     : Overriding bean definition for bean 'beanNameViewResolver' with a different definition: replacing [Root bean: class [null]; scope=; abstract=false; lazyInit=false; autowireMode=3; dependencyCheck=0; autowireCandidate=true; primary=false; factoryBeanName=org.springframework.boot.autoconfigure.web.ErrorMvcAutoConfiguration$WhitelabelErrorViewConfiguration; factoryMethodName=beanNameViewResolver; initMethodName=null; destroyMethodName=(inferred); defined in class path resource [org/springframework/boot/autoconfigure/web/ErrorMvcAutoConfiguration$WhitelabelErrorViewConfiguration.class]] with [Root bean: class [null]; scope=; abstract=false; lazyInit=false; autowireMode=3; dependencyCheck=0; autowireCandidate=true; primary=false; factoryBeanName=org.springframework.boot.autoconfigure.web.WebMvcAutoConfiguration$WebMvcAutoConfigurationAdapter; factoryMethodName=beanNameViewResolver; initMethodName=null; destroyMethodName=(inferred); defined in class path resource [org/springframework/boot/autoconfigure/web/WebMvcAutoConfiguration$WebMvcAutoConfigurationAdapter.class]]
2017-08-30 14:46:58.597  INFO 5264 --- [main] s.b.c.e.t.TomcatEmbeddedServletContainer : Tomcat initialized with port(s): 8080 (http)
2017-08-30 14:46:58.617  INFO 5264 --- [main] o.apache.catalina.core.StandardService   : Starting service Tomcat
2017-08-30 14:46:58.617  INFO 5264 --- [main] org.apache.catalina.core.StandardEngine  : Starting Servlet Engine: Apache Tomcat/8.0.32
2017-08-30 14:46:58.747  INFO 5264 --- [localhost-startStop-1] o.a.c.c.C.[Tomcat].[localhost].[/]       : Initializing Spring embedded WebApplicationContext
2017-08-30 14:46:58.747  INFO 5264 --- [localhost-startStop-1] o.s.web.context.ContextLoader            : Root WebApplicationContext: initialization completed in 1726 ms
2017-08-30 14:46:59.139  INFO 5264 --- [localhost-startStop-1] o.s.b.c.embedded.FilterRegistrationBean  : Mapping filter: 'characterEncodingFilter' to: [/*]
2017-08-30 14:46:59.139  INFO 5264 --- [localhost-startStop-1] o.s.b.c.embedded.FilterRegistrationBean  : Mapping filter: 'hiddenHttpMethodFilter' to: [/*]
2017-08-30 14:46:59.139  INFO 5264 --- [localhost-startStop-1] o.s.b.c.embedded.FilterRegistrationBean  : Mapping filter: 'httpPutFormContentFilter' to: [/*]
2017-08-30 14:46:59.139  INFO 5264 --- [localhost-startStop-1] o.s.b.c.embedded.FilterRegistrationBean  : Mapping filter: 'requestContextFilter' to: [/*]
2017-08-30 14:46:59.139  INFO 5264 --- [localhost-startStop-1] .e.DelegatingFilterProxyRegistrationBean : Mapping filter: 'springSecurityFilterChain' to: [/*]
2017-08-30 14:46:59.139  INFO 5264 --- [localhost-startStop-1] o.s.b.c.e.ServletRegistrationBean        : Mapping servlet: 'dispatcherServlet' to [/]
2017-08-30 14:46:59.389  INFO 5264 --- [localhost-startStop-1] s.s.l.DefaultSpringSecurityContextSource :  URL 'ldap://localhost:10389/o=espark', root DN is 'o=espark'
2017-08-30 14:46:59.509  INFO 5264 --- [localhost-startStop-1] o.s.s.web.DefaultSecurityFilterChain     : Creating filter chain: Ant [pattern='/css/**'], []
2017-08-30 14:46:59.509  INFO 5264 --- [localhost-startStop-1] o.s.s.web.DefaultSecurityFilterChain     : Creating filter chain: Ant [pattern='/js/**'], []
2017-08-30 14:46:59.509  INFO 5264 --- [localhost-startStop-1] o.s.s.web.DefaultSecurityFilterChain     : Creating filter chain: Ant [pattern='/font/**'], []
2017-08-30 14:46:59.601  INFO 5264 --- [localhost-startStop-1] o.s.s.web.DefaultSecurityFilterChain     : Creating filter chain: org.springframework.security.web.util.matcher.AnyRequestMatcher@1, [org.springframework.security.web.context.request.async.WebAsyncManagerIntegrationFilter@746a2e42, org.springframework.security.web.context.SecurityContextPersistenceFilter@414c8576, org.springframework.security.web.header.HeaderWriterFilter@882740e, org.springframework.security.web.authentication.logout.LogoutFilter@1ee8f901, org.springframework.security.web.authentication.UsernamePasswordAuthenticationFilter@49571cb4, org.springframework.security.web.savedrequest.RequestCacheAwareFilter@1abba80b, org.springframework.security.web.servletapi.SecurityContextHolderAwareRequestFilter@ec71341, org.springframework.security.web.authentication.AnonymousAuthenticationFilter@38e1d98, org.springframework.security.web.session.SessionManagementFilter@3771dc60, org.springframework.security.web.access.ExceptionTranslationFilter@44585f9b, org.springframework.security.web.access.intercept.FilterSecurityInterceptor@6aca645f]
2017-08-30 14:46:59.864  INFO 5264 --- [main] s.w.s.m.m.a.RequestMappingHandlerAdapter : Looking for @ControllerAdvice: org.springframework.boot.context.embedded.AnnotationConfigEmbeddedWebApplicationContext@7fad8c79: startup date [Wed Aug 30 14:46:57 IST 2017]; root of context hierarchy
2017-08-30 14:47:00.032  INFO 5264 --- [main] s.w.s.m.m.a.RequestMappingHandlerMapping : Mapped "{[/error]}" onto public org.springframework.http.ResponseEntity<java.util.Map<java.lang.String, java.lang.Object>> org.springframework.boot.autoconfigure.web.BasicErrorController.error(javax.servlet.http.HttpServletRequest)
2017-08-30 14:47:00.033  INFO 5264 --- [main] s.w.s.m.m.a.RequestMappingHandlerMapping : Mapped "{[/error],produces=[text/html]}" onto public org.springframework.web.servlet.ModelAndView org.springframework.boot.autoconfigure.web.BasicErrorController.errorHtml(javax.servlet.http.HttpServletRequest,javax.servlet.http.HttpServletResponse)
2017-08-30 14:47:00.053  INFO 5264 --- [main] o.s.w.s.handler.SimpleUrlHandlerMapping  : Root mapping to handler of type [class org.springframework.web.servlet.mvc.ParameterizableViewController]
2017-08-30 14:47:00.053  INFO 5264 --- [main] o.s.w.s.handler.SimpleUrlHandlerMapping  : Mapped URL path [/esparkHome] onto handler of type [class org.springframework.web.servlet.mvc.ParameterizableViewController]
2017-08-30 14:47:00.053  INFO 5264 --- [main] o.s.w.s.handler.SimpleUrlHandlerMapping  : Mapped URL path [/esparkUserPage] onto handler of type [class org.springframework.web.servlet.mvc.ParameterizableViewController]
2017-08-30 14:47:00.053  INFO 5264 --- [main] o.s.w.s.handler.SimpleUrlHandlerMapping  : Mapped URL path [/esparkLoginPage] onto handler of type [class org.springframework.web.servlet.mvc.ParameterizableViewController]
2017-08-30 14:47:00.073  INFO 5264 --- [main] o.s.w.s.handler.SimpleUrlHandlerMapping  : Mapped URL path [/webjars/**] onto handler of type [class org.springframework.web.servlet.resource.ResourceHttpRequestHandler]
2017-08-30 14:47:00.083  INFO 5264 --- [main] o.s.w.s.handler.SimpleUrlHandlerMapping  : Mapped URL path [/**] onto handler of type [class org.springframework.web.servlet.resource.ResourceHttpRequestHandler]
2017-08-30 14:47:00.141  INFO 5264 --- [main] o.s.w.s.handler.SimpleUrlHandlerMapping  : Mapped URL path [/**/favicon.ico] onto handler of type [class org.springframework.web.servlet.resource.ResourceHttpRequestHandler]
2017-08-30 14:47:00.706  INFO 5264 --- [main] o.s.j.e.a.AnnotationMBeanExporter        : Registering beans for JMX exposure on startup
2017-08-30 14:47:00.787  INFO 5264 --- [main] s.b.c.e.t.TomcatEmbeddedServletContainer : Tomcat started on port(s): 8080 (http)
2017-08-30 14:47:00.797  INFO 5264 --- [main] com.espark.adarsh.Application            : Started Application in 4.504 seconds (JVM running for 5.0)
2017-08-30 14:47:13.594  INFO 5264 --- [http-nio-8080-exec-1] o.a.c.c.C.[Tomcat].[localhost].[/]       : Initializing Spring FrameworkServlet 'dispatcherServlet'
2017-08-30 14:47:13.594  INFO 5264 --- [http-nio-8080-exec-1] o.s.web.servlet.DispatcherServlet        : FrameworkServlet 'dispatcherServlet': initialization started
2017-08-30 14:47:13.611  INFO 5264 --- [http-nio-8080-exec-1] o.s.web.servlet.DispatcherServlet        : FrameworkServlet 'dispatcherServlet': initialization completed in 16 ms
2017-08-30 14:50:31.766 ERROR 8808 --- [main] o.s.b.l.LoggingApplicationListener       : Cannot set level: ALL for 'org.springframework'
2017-08-30 14:50:31.776 ERROR 8808 --- [main] o.s.b.l.LoggingApplicationListener       : Cannot set level: ALL for '*'
2017-08-30 14:50:31.846  INFO 8808 --- [main] com.espark.adarsh.Application            : Starting Application on SHWETAS with PID 8808 (C:\Users\SHWETA\Documents\NetBeansProjects\SpringBootExternalLdapExample\target\classes started by SHWETA in C:\Users\SHWETA\Documents\NetBeansProjects\SpringBootExternalLdapExample)
2017-08-30 14:50:31.846  INFO 8808 --- [main] com.espark.adarsh.Application            : No active profile set, falling back to default profiles: default
2017-08-30 14:50:32.250  INFO 8808 --- [main] ationConfigEmbeddedWebApplicationContext : Refreshing org.springframework.boot.context.embedded.AnnotationConfigEmbeddedWebApplicationContext@7fad8c79: startup date [Wed Aug 30 14:50:32 IST 2017]; root of context hierarchy
2017-08-30 14:50:32.972  INFO 8808 --- [main] o.s.b.f.s.DefaultListableBeanFactory     : Overriding bean definition for bean 'beanNameViewResolver' with a different definition: replacing [Root bean: class [null]; scope=; abstract=false; lazyInit=false; autowireMode=3; dependencyCheck=0; autowireCandidate=true; primary=false; factoryBeanName=org.springframework.boot.autoconfigure.web.ErrorMvcAutoConfiguration$WhitelabelErrorViewConfiguration; factoryMethodName=beanNameViewResolver; initMethodName=null; destroyMethodName=(inferred); defined in class path resource [org/springframework/boot/autoconfigure/web/ErrorMvcAutoConfiguration$WhitelabelErrorViewConfiguration.class]] with [Root bean: class [null]; scope=; abstract=false; lazyInit=false; autowireMode=3; dependencyCheck=0; autowireCandidate=true; primary=false; factoryBeanName=org.springframework.boot.autoconfigure.web.WebMvcAutoConfiguration$WebMvcAutoConfigurationAdapter; factoryMethodName=beanNameViewResolver; initMethodName=null; destroyMethodName=(inferred); defined in class path resource [org/springframework/boot/autoconfigure/web/WebMvcAutoConfiguration$WebMvcAutoConfigurationAdapter.class]]
2017-08-30 14:50:33.952  INFO 8808 --- [main] s.b.c.e.t.TomcatEmbeddedServletContainer : Tomcat initialized with port(s): 8080 (http)
2017-08-30 14:50:33.960  INFO 8808 --- [main] o.apache.catalina.core.StandardService   : Starting service Tomcat
2017-08-30 14:50:33.960  INFO 8808 --- [main] org.apache.catalina.core.StandardEngine  : Starting Servlet Engine: Apache Tomcat/8.0.32
2017-08-30 14:50:34.132  INFO 8808 --- [localhost-startStop-1] o.a.c.c.C.[Tomcat].[localhost].[/]       : Initializing Spring embedded WebApplicationContext
2017-08-30 14:50:34.132  INFO 8808 --- [localhost-startStop-1] o.s.web.context.ContextLoader            : Root WebApplicationContext: initialization completed in 1882 ms
2017-08-30 14:50:34.456  INFO 8808 --- [localhost-startStop-1] o.s.b.c.embedded.FilterRegistrationBean  : Mapping filter: 'characterEncodingFilter' to: [/*]
2017-08-30 14:50:34.456  INFO 8808 --- [localhost-startStop-1] o.s.b.c.embedded.FilterRegistrationBean  : Mapping filter: 'hiddenHttpMethodFilter' to: [/*]
2017-08-30 14:50:34.456  INFO 8808 --- [localhost-startStop-1] o.s.b.c.embedded.FilterRegistrationBean  : Mapping filter: 'httpPutFormContentFilter' to: [/*]
2017-08-30 14:50:34.456  INFO 8808 --- [localhost-startStop-1] o.s.b.c.embedded.FilterRegistrationBean  : Mapping filter: 'requestContextFilter' to: [/*]
2017-08-30 14:50:34.466  INFO 8808 --- [localhost-startStop-1] .e.DelegatingFilterProxyRegistrationBean : Mapping filter: 'springSecurityFilterChain' to: [/*]
2017-08-30 14:50:34.466  INFO 8808 --- [localhost-startStop-1] o.s.b.c.e.ServletRegistrationBean        : Mapping servlet: 'dispatcherServlet' to [/]
2017-08-30 14:50:34.738  INFO 8808 --- [localhost-startStop-1] s.s.l.DefaultSpringSecurityContextSource :  URL 'ldap://localhost:10389/o=espark', root DN is 'o=espark'
2017-08-30 14:50:34.891  INFO 8808 --- [localhost-startStop-1] o.s.s.web.DefaultSecurityFilterChain     : Creating filter chain: Ant [pattern='/css/**'], []
2017-08-30 14:50:34.891  INFO 8808 --- [localhost-startStop-1] o.s.s.web.DefaultSecurityFilterChain     : Creating filter chain: Ant [pattern='/js/**'], []
2017-08-30 14:50:34.893  INFO 8808 --- [localhost-startStop-1] o.s.s.web.DefaultSecurityFilterChain     : Creating filter chain: Ant [pattern='/font/**'], []
2017-08-30 14:50:35.001  INFO 8808 --- [localhost-startStop-1] o.s.s.web.DefaultSecurityFilterChain     : Creating filter chain: org.springframework.security.web.util.matcher.AnyRequestMatcher@1, [org.springframework.security.web.context.request.async.WebAsyncManagerIntegrationFilter@746a2e42, org.springframework.security.web.context.SecurityContextPersistenceFilter@414c8576, org.springframework.security.web.header.HeaderWriterFilter@882740e, org.springframework.security.web.authentication.logout.LogoutFilter@1ee8f901, org.springframework.security.web.authentication.UsernamePasswordAuthenticationFilter@49571cb4, org.springframework.security.web.savedrequest.RequestCacheAwareFilter@1abba80b, org.springframework.security.web.servletapi.SecurityContextHolderAwareRequestFilter@ec71341, org.springframework.security.web.authentication.AnonymousAuthenticationFilter@38e1d98, org.springframework.security.web.session.SessionManagementFilter@3771dc60, org.springframework.security.web.access.ExceptionTranslationFilter@44585f9b, org.springframework.security.web.access.intercept.FilterSecurityInterceptor@6aca645f]
2017-08-30 14:50:35.278  INFO 8808 --- [main] s.w.s.m.m.a.RequestMappingHandlerAdapter : Looking for @ControllerAdvice: org.springframework.boot.context.embedded.AnnotationConfigEmbeddedWebApplicationContext@7fad8c79: startup date [Wed Aug 30 14:50:32 IST 2017]; root of context hierarchy
2017-08-30 14:50:35.393  INFO 8808 --- [main] s.w.s.m.m.a.RequestMappingHandlerMapping : Mapped "{[/error]}" onto public org.springframework.http.ResponseEntity<java.util.Map<java.lang.String, java.lang.Object>> org.springframework.boot.autoconfigure.web.BasicErrorController.error(javax.servlet.http.HttpServletRequest)
2017-08-30 14:50:35.393  INFO 8808 --- [main] s.w.s.m.m.a.RequestMappingHandlerMapping : Mapped "{[/error],produces=[text/html]}" onto public org.springframework.web.servlet.ModelAndView org.springframework.boot.autoconfigure.web.BasicErrorController.errorHtml(javax.servlet.http.HttpServletRequest,javax.servlet.http.HttpServletResponse)
2017-08-30 14:50:35.413  INFO 8808 --- [main] o.s.w.s.handler.SimpleUrlHandlerMapping  : Root mapping to handler of type [class org.springframework.web.servlet.mvc.ParameterizableViewController]
2017-08-30 14:50:35.413  INFO 8808 --- [main] o.s.w.s.handler.SimpleUrlHandlerMapping  : Mapped URL path [/esparkHome] onto handler of type [class org.springframework.web.servlet.mvc.ParameterizableViewController]
2017-08-30 14:50:35.413  INFO 8808 --- [main] o.s.w.s.handler.SimpleUrlHandlerMapping  : Mapped URL path [/esparkUserPage] onto handler of type [class org.springframework.web.servlet.mvc.ParameterizableViewController]
2017-08-30 14:50:35.413  INFO 8808 --- [main] o.s.w.s.handler.SimpleUrlHandlerMapping  : Mapped URL path [/esparkLoginPage] onto handler of type [class org.springframework.web.servlet.mvc.ParameterizableViewController]
2017-08-30 14:50:35.423  INFO 8808 --- [main] o.s.w.s.handler.SimpleUrlHandlerMapping  : Mapped URL path [/webjars/**] onto handler of type [class org.springframework.web.servlet.resource.ResourceHttpRequestHandler]
2017-08-30 14:50:35.423  INFO 8808 --- [main] o.s.w.s.handler.SimpleUrlHandlerMapping  : Mapped URL path [/**] onto handler of type [class org.springframework.web.servlet.resource.ResourceHttpRequestHandler]
2017-08-30 14:50:35.476  INFO 8808 --- [main] o.s.w.s.handler.SimpleUrlHandlerMapping  : Mapped URL path [/**/favicon.ico] onto handler of type [class org.springframework.web.servlet.resource.ResourceHttpRequestHandler]
2017-08-30 14:50:35.897  INFO 8808 --- [main] o.s.j.e.a.AnnotationMBeanExporter        : Registering beans for JMX exposure on startup
2017-08-30 14:50:35.967  INFO 8808 --- [main] s.b.c.e.t.TomcatEmbeddedServletContainer : Tomcat started on port(s): 8080 (http)
2017-08-30 14:50:35.977  INFO 8808 --- [main] com.espark.adarsh.Application            : Started Application in 4.515 seconds (JVM running for 5.057)
2017-08-30 14:51:02.352  INFO 8808 --- [http-nio-8080-exec-1] o.a.c.c.C.[Tomcat].[localhost].[/]       : Initializing Spring FrameworkServlet 'dispatcherServlet'
2017-08-30 14:51:02.352  INFO 8808 --- [http-nio-8080-exec-1] o.s.web.servlet.DispatcherServlet        : FrameworkServlet 'dispatcherServlet': initialization started
2017-08-30 14:51:02.470  INFO 8808 --- [http-nio-8080-exec-1] o.s.web.servlet.DispatcherServlet        : FrameworkServlet 'dispatcherServlet': initialization completed in 118 ms
